2021-11-29 16:58:07,566 - trainer.py[line:25] - INFO: Running with identifier 20211129_165807
2021-11-29 16:58:07,566 - trainer.py[line:27] - INFO: Saving log to log\cifar10\20211129_165807\run.log
2021-11-29 16:58:07,566 - trainer.py[line:28] - INFO: Using args: [('log_name', 'cifar10'), ('data_train', 'dataset/cifar_10_standard_train'), ('data_eval', 'dataset/cifar_10_standard_test'), ('output_checkpoint_dir', 'checkpoint'), ('eval_per_epoch', 20), ('log_dir', 'log'), ('tf_dir', 'tensorboard'), ('output_dir', 'output'), ('not_ignore_warning', False), ('enable_tensorboard', True)]
2021-11-29 16:58:07,568 - trainer.py[line:39] - INFO: Using tensorboard, store at: tensorboard\cifar10\20211129_165807
2021-11-29 16:58:07,568 - train.py[line:97] - INFO: Running model resnet50
2021-11-29 17:19:47,820 - train.py[line:155] - INFO: Epoch 20 with acc in evaluation: 52.69
2021-11-29 17:40:44,241 - train.py[line:155] - INFO: Epoch 40 with acc in evaluation: 77.45
2021-11-29 18:01:39,581 - train.py[line:155] - INFO: Epoch 60 with acc in evaluation: 83.64
2021-11-29 18:22:35,592 - train.py[line:155] - INFO: Epoch 80 with acc in evaluation: 84.66
2021-11-29 18:43:30,827 - train.py[line:155] - INFO: Epoch 100 with acc in evaluation: 89.01
2021-11-29 19:04:26,350 - train.py[line:155] - INFO: Epoch 120 with acc in evaluation: 91.24
2021-11-29 19:25:22,986 - train.py[line:155] - INFO: Epoch 140 with acc in evaluation: 92.20
2021-11-29 19:46:20,309 - train.py[line:155] - INFO: Epoch 160 with acc in evaluation: 93.71
2021-11-29 20:07:16,632 - train.py[line:155] - INFO: Epoch 180 with acc in evaluation: 94.89
2021-11-29 20:28:13,620 - train.py[line:155] - INFO: Epoch 200 with acc in evaluation: 94.93
2021-11-29 20:28:13,898 - train.py[line:178] - INFO: Best acc in training: 76.89
2021-11-29 20:28:13,899 - train.py[line:180] - INFO: Best acc in evaluation: 94.93
2021-11-29 20:28:13,899 - train.py[line:97] - INFO: Running model densenet121
2021-11-29 20:49:38,570 - train.py[line:155] - INFO: Epoch 20 with acc in evaluation: 79.45
2021-11-29 21:11:16,940 - train.py[line:155] - INFO: Epoch 40 with acc in evaluation: 82.02
2021-11-29 21:32:40,998 - train.py[line:155] - INFO: Epoch 60 with acc in evaluation: 85.66
2021-11-29 21:54:02,348 - train.py[line:155] - INFO: Epoch 80 with acc in evaluation: 87.10
2021-11-29 22:24:32,242 - train.py[line:155] - INFO: Epoch 100 with acc in evaluation: 86.93
2021-11-29 22:56:57,923 - train.py[line:155] - INFO: Epoch 120 with acc in evaluation: 88.22
2021-11-29 23:29:17,829 - train.py[line:155] - INFO: Epoch 140 with acc in evaluation: 85.56
2021-11-30 00:01:33,027 - train.py[line:155] - INFO: Epoch 160 with acc in evaluation: 88.46
2021-11-30 00:34:05,511 - train.py[line:155] - INFO: Epoch 180 with acc in evaluation: 89.72
2021-11-30 01:06:35,803 - train.py[line:155] - INFO: Epoch 200 with acc in evaluation: 89.24
2021-11-30 01:06:35,893 - train.py[line:178] - INFO: Best acc in training: 66.50
2021-11-30 01:06:35,893 - train.py[line:180] - INFO: Best acc in evaluation: 89.72
