2021-11-29 00:30:00,438 - main.py[line:24] - INFO: Running with identifier 20211129_003000
2021-11-29 00:30:00,438 - main.py[line:26] - INFO: Saving log to log\cifar10\20211129_003000\run.log
2021-11-29 00:30:00,438 - main.py[line:27] - INFO: Using args: [('log_name', 'cifar10'), ('data_train', 'dataset/cifar_10_train'), ('data_eval', 'dataset/cifar_10_test'), ('output_checkpoint_dir', 'checkpoint'), ('eval_per_epoch', 20), ('log_dir', 'log'), ('not_ignore_warning', False)]
2021-11-29 00:30:00,439 - train.py[line:82] - INFO: Running model resnet50
2021-11-29 00:51:15,031 - train.py[line:130] - INFO: Epoch 20 with acc in evaluation: 83.66
2021-11-29 01:12:30,384 - train.py[line:130] - INFO: Epoch 40 with acc in evaluation: 87.18
2021-11-29 01:33:37,705 - train.py[line:130] - INFO: Epoch 60 with acc in evaluation: 88.71
2021-11-29 01:54:49,192 - train.py[line:130] - INFO: Epoch 80 with acc in evaluation: 90.22
2021-11-29 02:15:49,696 - train.py[line:130] - INFO: Epoch 100 with acc in evaluation: 91.22
2021-11-29 02:36:59,017 - train.py[line:130] - INFO: Epoch 120 with acc in evaluation: 91.68
2021-11-29 02:58:15,036 - train.py[line:130] - INFO: Epoch 140 with acc in evaluation: 92.92
2021-11-29 03:19:27,757 - train.py[line:130] - INFO: Epoch 160 with acc in evaluation: 94.04
2021-11-29 03:40:38,009 - train.py[line:130] - INFO: Epoch 180 with acc in evaluation: 94.37
2021-11-29 04:01:52,944 - train.py[line:130] - INFO: Epoch 200 with acc in evaluation: 94.47
2021-11-29 04:01:53,279 - train.py[line:148] - INFO: Best acc in training: 100.00
2021-11-29 04:01:53,279 - train.py[line:150] - INFO: Best acc in evaluation: 94.47
2021-11-29 04:01:53,279 - train.py[line:82] - INFO: Running model densenet121
2021-11-29 04:27:31,124 - train.py[line:130] - INFO: Epoch 20 with acc in evaluation: 87.82
2021-11-29 04:53:15,291 - train.py[line:130] - INFO: Epoch 40 with acc in evaluation: 87.31
2021-11-29 05:18:42,731 - train.py[line:130] - INFO: Epoch 60 with acc in evaluation: 88.41
2021-11-29 05:44:08,949 - train.py[line:130] - INFO: Epoch 80 with acc in evaluation: 88.51
2021-11-29 06:09:50,848 - train.py[line:130] - INFO: Epoch 100 with acc in evaluation: 89.26
2021-11-29 06:35:29,362 - train.py[line:130] - INFO: Epoch 120 with acc in evaluation: 88.94
2021-11-29 07:01:12,200 - train.py[line:130] - INFO: Epoch 140 with acc in evaluation: 89.49
2021-11-29 07:26:57,128 - train.py[line:130] - INFO: Epoch 160 with acc in evaluation: 89.84
2021-11-29 07:52:15,390 - train.py[line:130] - INFO: Epoch 180 with acc in evaluation: 89.99
2021-11-29 08:17:53,417 - train.py[line:130] - INFO: Epoch 200 with acc in evaluation: 90.97
2021-11-29 08:17:53,499 - train.py[line:148] - INFO: Best acc in training: 96.29
2021-11-29 08:17:53,499 - train.py[line:150] - INFO: Best acc in evaluation: 90.97
